C:\Users\noapp\Documents\ChromaLauncher\node_modules\winston\lib\winston\transports\console.js:82 [2024-02-22 19:03:50] [info] [Preloader]: Loading..
C:\Users\noapp\Documents\ChromaLauncher\node_modules\winston\lib\winston\transports\console.js:82 [2024-02-22 19:03:50] [info] [ConfigManager]: Successfully Loaded
C:\Users\noapp\Documents\ChromaLauncher\node_modules\winston\lib\winston\transports\console.js:82 [2024-02-22 19:03:50] [info] [Preloader]: Cleaned natives directory.
C:\Users\noapp\Documents\ChromaLauncher\node_modules\winston\lib\winston\transports\console.js:82 [2024-02-22 19:03:50] [info] [Preloader]: Loaded distribution index.
C:\Users\noapp\Documents\ChromaLauncher\node_modules\winston\lib\winston\transports\console.js:82 [2024-02-22 19:03:50] [info] [Landing]: Refreshing Mojang Statuses..
C:\Users\noapp\Documents\ChromaLauncher\node_modules\winston\lib\winston\transports\console.js:82 [2024-02-22 19:03:50] [info] [UICore]: UICore Initializing..
C:\Users\noapp\Documents\ChromaLauncher\node_modules\winston\lib\winston\transports\console.js:82 [2024-02-22 19:03:50] [info] [Landing]: Refreshing Server Status
node:internal/errors:496 Uncaught (in promise) TypeError: Invalid URL
    at __node_internal_captureLargerStackTrace (node:internal/errors:496:5)
    at new NodeError (node:internal/errors:405:5)
    at new URL (node:internal/url:616:13)
    at landing.js:970:26
    at new Promise (<anonymous>)
    at loadNews (landing.js:967:21)
    at process.processTicksAndRejections (node:internal/process/task_queues:95:5)
    at async initNews (landing.js:822:18)
landing.js:248 Object
uicore.js:30 The console is dark and full of terrors.
uicore.js:31 If you've been told to paste something here, you're being scammed.
uicore.js:32 Unless you know exactly what you're doing, close this window.
node:internal/process/task_queues:95 Uncaught (in promise) undefined
processTicksAndRejections @ node:internal/process/task_queues:95
Promise.then (async)
processLogOut @ settings.js:522
(anonymous) @ settings.js:489
